<?xml version="1.0" encoding="UTF-8"?>
<!-- Generated by org.testng.reporters.JUnitXMLReporter -->
<testsuite ignored="0" hostname="LTIN509704" failures="0" tests="6" name="ChromeTest" time="68.267" errors="0" timestamp="2024-11-07T14:12:55 IST">
  <testcase classname="Test.Testng" name="HomePagesearch" time="12.744"/>
  <testcase classname="Test.Testng" name="searchResults" time="0.402"/>
  <testcase classname="Test.Testng" name="deSelect" time="8.24"/>
  <testcase classname="Test.Testng" name="languagesandLevels" time="18.042"/>
  <testcase classname="Test.Testng" name="Navigate" time="8.394"/>
  <testcase classname="Test.Testng" name="form" time="7.818"/>
</testsuite> <!-- ChromeTest -->
