<?xml version="1.0" encoding="UTF-8"?>
<!-- Generated by org.testng.reporters.JUnitXMLReporter -->
<testsuite ignored="0" hostname="LTIN509704" failures="0" tests="6" name="EdgeTest" time="75.25" errors="0" timestamp="2024-11-07T14:08:41 IST">
  <testcase classname="Test.Testng" name="HomePagesearch" time="16.475"/>
  <testcase classname="Test.Testng" name="searchResults" time="0.419"/>
  <testcase classname="Test.Testng" name="deSelect" time="8.249"/>
  <testcase classname="Test.Testng" name="languagesandLevels" time="18.593"/>
  <testcase classname="Test.Testng" name="Navigate" time="9.684"/>
  <testcase classname="Test.Testng" name="form" time="8.052"/>
</testsuite> <!-- EdgeTest -->
