<?xml version="1.0" encoding="UTF-8"?>
<!-- Generated by org.testng.reporters.JUnitXMLReporter -->
<testsuite ignored="0" hostname="LTIN509704" failures="0" tests="6" name="Test" time="0.056" errors="0" timestamp="2024-11-07T11:59:34 IST">
  <testcase classname="Test.Testng" name="@BeforeClass URL" time="-1.730960974353E9">
    <failure type="org.testng.TestNGException" message="
Parameter &amp;apos;browser&amp;apos; is required by BeforeClass on method URL but has not been marked @Optional or defined
in C:\Users\2332922\eclipse-workspace\IdentifyCourses-main\testng.xml">
      <![CDATA[org.testng.TestNGException: 
Parameter 'browser' is required by BeforeClass on method URL but has not been marked @Optional or defined
in C:\Users\2332922\eclipse-workspace\IdentifyCourses-main\testng.xml
at java.base/java.util.ArrayList.forEach(ArrayList.java:1511)
... Removed 22 stack frames]]>
    </failure>
  </testcase> <!-- @BeforeClass URL -->
  <testcase classname="Test.Testng" name="@AfterClass close" time="-1.73096097439E9">
    <skipped/>
  </testcase> <!-- @AfterClass close -->
  <testcase classname="Test.Testng" name="HomePagesearch" time="0.0">
    <skipped/>
  </testcase> <!-- HomePagesearch -->
  <testcase classname="Test.Testng" name="searchResults" time="0.0">
    <skipped/>
  </testcase> <!-- searchResults -->
  <testcase classname="Test.Testng" name="deSelect" time="0.0">
    <skipped/>
  </testcase> <!-- deSelect -->
  <testcase classname="Test.Testng" name="languagesandLevels" time="0.0">
    <skipped/>
  </testcase> <!-- languagesandLevels -->
  <testcase classname="Test.Testng" name="Navigate" time="0.0">
    <skipped/>
  </testcase> <!-- Navigate -->
  <testcase classname="Test.Testng" name="form" time="0.0">
    <skipped/>
  </testcase> <!-- form -->
</testsuite> <!-- Test -->
