<?xml version="1.0" encoding="UTF-8"?>
<testng-results ignored="0" total="6" passed="6" failed="0" skipped="0">
  <reporter-output>
  </reporter-output>
  <suite started-at="2024-11-07T14:11:47 IST" name="Suite" finished-at="2024-11-07T14:12:55 IST" duration-ms="68267">
    <groups>
    </groups>
    <test started-at="2024-11-07T14:11:47 IST" name="ChromeTest" finished-at="2024-11-07T14:12:55 IST" duration-ms="68267">
      <class name="Test.Testng">
        <test-method is-config="true" signature="URL(java.lang.String)[pri:0, instance:Test.Testng@fc258b1]" started-at="2024-11-07T14:11:47 IST" name="URL" finished-at="2024-11-07T14:11:56 IST" duration-ms="8931" status="PASS">
          <params>
            <param index="0">
              <value>
                <![CDATA[chrome]]>
              </value>
            </param>
          </params>
          <reporter-output>
          </reporter-output>
        </test-method> <!-- URL -->
        <test-method signature="HomePagesearch()[pri:1, instance:Test.Testng@fc258b1]" started-at="2024-11-07T14:11:56 IST" name="HomePagesearch" finished-at="2024-11-07T14:12:09 IST" duration-ms="12744" status="PASS">
          <reporter-output>
          </reporter-output>
        </test-method> <!-- HomePagesearch -->
        <test-method signature="searchResults()[pri:2, instance:Test.Testng@fc258b1]" started-at="2024-11-07T14:12:09 IST" name="searchResults" finished-at="2024-11-07T14:12:09 IST" depends-on-methods="Test.Testng.HomePagesearch" duration-ms="402" status="PASS">
          <reporter-output>
          </reporter-output>
        </test-method> <!-- searchResults -->
        <test-method signature="deSelect()[pri:3, instance:Test.Testng@fc258b1]" started-at="2024-11-07T14:12:09 IST" name="deSelect" finished-at="2024-11-07T14:12:17 IST" duration-ms="8240" status="PASS">
          <reporter-output>
          </reporter-output>
        </test-method> <!-- deSelect -->
        <test-method signature="languagesandLevels()[pri:4, instance:Test.Testng@fc258b1]" started-at="2024-11-07T14:12:17 IST" name="languagesandLevels" finished-at="2024-11-07T14:12:35 IST" depends-on-methods="Test.Testng.searchResults, Test.Testng.HomePagesearch" duration-ms="18042" status="PASS">
          <reporter-output>
          </reporter-output>
        </test-method> <!-- languagesandLevels -->
        <test-method signature="Navigate()[pri:5, instance:Test.Testng@fc258b1]" started-at="2024-11-07T14:12:35 IST" name="Navigate" finished-at="2024-11-07T14:12:44 IST" duration-ms="8394" status="PASS">
          <reporter-output>
          </reporter-output>
        </test-method> <!-- Navigate -->
        <test-method signature="form(java.lang.String,java.lang.String,java.lang.String,java.lang.String,java.lang.String,java.lang.String,java.lang.String,java.lang.String,java.lang.String,java.lang.String,java.lang.String)[pri:6, instance:Test.Testng@fc258b1]" started-at="2024-11-07T14:12:44 IST" name="form" data-provider="formdetails" finished-at="2024-11-07T14:12:51 IST" duration-ms="7818" status="PASS">
          <params>
            <param index="0">
              <value>
                <![CDATA[Akash]]>
              </value>
            </param>
            <param index="1">
              <value>
                <![CDATA[kumar]]>
              </value>
            </param>
            <param index="2">
              <value>
                <![CDATA[aaa123s@gmail.com]]>
              </value>
            </param>
            <param index="3">
              <value>
                <![CDATA[8989788900]]>
              </value>
            </param>
            <param index="4">
              <value>
                <![CDATA[2 Year College]]>
              </value>
            </param>
            <param index="5">
              <value>
                <![CDATA[Ajki]]>
              </value>
            </param>
            <param index="6">
              <value>
                <![CDATA[Vice-President/Vice-Provost]]>
              </value>
            </param>
            <param index="7">
              <value>
                <![CDATA[Career Services]]>
              </value>
            </param>
            <param index="8">
              <value>
                <![CDATA[Courses for myself]]>
              </value>
            </param>
            <param index="9">
              <value>
                <![CDATA[India]]>
              </value>
            </param>
            <param index="10">
              <value>
                <![CDATA[Gujarat]]>
              </value>
            </param>
          </params>
          <reporter-output>
          </reporter-output>
        </test-method> <!-- form -->
        <test-method is-config="true" signature="close()[pri:0, instance:Test.Testng@fc258b1]" started-at="2024-11-07T14:12:51 IST" name="close" finished-at="2024-11-07T14:12:55 IST" duration-ms="3467" status="PASS">
          <reporter-output>
          </reporter-output>
        </test-method> <!-- close -->
      </class> <!-- Test.Testng -->
    </test> <!-- ChromeTest -->
  </suite> <!-- Suite -->
</testng-results>
